<?xml version="1.0" encoding="UTF-8"?>
<!-- Generated by org.testng.reporters.JUnitReportReporter -->
<testsuite hostname="DESKTOP-2S175RD" failures="0" tests="4" name="com.wipro.selenium2.TestNGGroups" time="0.018" errors="0" timestamp="2025-08-17T23:58:39 IST" skipped="0">
  <testcase classname="com.wipro.selenium2.TestNGGroups" name="testcase2" time="0.003"/>
  <testcase classname="com.wipro.selenium2.TestNGGroups" name="testcase1" time="0.011"/>
  <testcase classname="com.wipro.selenium2.TestNGGroups" name="testcase3" time="0.002"/>
  <testcase classname="com.wipro.selenium2.TestNGGroups" name="testcase4" time="0.002"/>
</testsuite> <!-- com.wipro.selenium2.TestNGGroups -->
