<?xml version="1.0" encoding="UTF-8"?>
<!-- Generated by org.testng.reporters.JUnitReportReporter -->
<testsuite hostname="DESKTOP-2S175RD" failures="0" tests="3" name="labsession16august.Q1" time="0.017" errors="0" timestamp="2025-08-18T00:13:31 IST" skipped="0">
  <testcase classname="labsession16august.Q1" name="paymentTest" time="0.004"/>
  <testcase classname="labsession16august.Q1" name="logoutTest" time="0.003"/>
  <testcase classname="labsession16august.Q1" name="loginTest" time="0.010"/>
</testsuite> <!-- labsession16august.Q1 -->
