<?xml version="1.0" encoding="UTF-8"?>
<!-- Generated by org.testng.reporters.JUnitReportReporter -->
<testsuite hostname="DESKTOP-2S175RD" failures="0" tests="2" name="com.wipro.selenium2.TestNGDependency" time="24.056" errors="0" timestamp="2025-08-17T22:26:33 IST" skipped="0">
  <testcase classname="com.wipro.selenium2.TestNGDependency" name="testcheckbox" time="7.255"/>
  <testcase classname="com.wipro.selenium2.TestNGDependency" name="login" time="16.801"/>
</testsuite> <!-- com.wipro.selenium2.TestNGDependency -->
