<?xml version="1.0" encoding="UTF-8"?>
<!-- Generated by org.testng.reporters.JUnitReportReporter -->
<testsuite hostname="DESKTOP-2S175RD" failures="0" tests="4" name="com.wipro.selenium2.Testcase1" time="0.020" errors="0" timestamp="2025-08-17T22:19:51 IST" skipped="0">
  <testcase classname="com.wipro.selenium2.Testcase1" name="testcase1" time="0.010"/>
  <testcase classname="com.wipro.selenium2.Testcase1" name="testcase2" time="0.005"/>
  <testcase classname="com.wipro.selenium2.Testcase1" name="testcase3" time="0.002"/>
  <testcase classname="com.wipro.selenium2.Testcase1" name="testcase4" time="0.003"/>
</testsuite> <!-- com.wipro.selenium2.Testcase1 -->
