<?xml version="1.0" encoding="UTF-8"?>
<!-- Generated by org.testng.reporters.JUnitReportReporter -->
<testsuite hostname="DESKTOP-2S175RD" failures="0" tests="2" name="com.wipro.selenium2.labsession16august_Q2" time="0.032" errors="0" timestamp="2025-08-18T00:25:21 IST" skipped="0">
  <testcase classname="com.wipro.selenium2.labsession16august_Q2" name="viewUser" time="0.001"/>
  <testcase classname="com.wipro.selenium2.labsession16august_Q2" name="createUser" time="0.031"/>
</testsuite> <!-- com.wipro.selenium2.labsession16august_Q2 -->
