<?xml version="1.0" encoding="UTF-8"?>
<!-- Generated by org.testng.reporters.JUnitReportReporter -->
<testsuite hostname="DESKTOP-2S175RD" failures="0" tests="2" name="com.wipro.selenium2.labsession16august_Q1" time="0.017" errors="0" timestamp="2025-08-18T00:19:47 IST" skipped="0">
  <testcase classname="com.wipro.selenium2.labsession16august_Q1" name="logoutTest" time="0.002"/>
  <testcase classname="com.wipro.selenium2.labsession16august_Q1" name="loginTest" time="0.015"/>
</testsuite> <!-- com.wipro.selenium2.labsession16august_Q1 -->
