<?xml version="1.0" encoding="UTF-8"?>
<!-- Generated by org.testng.reporters.JUnitReportReporter -->
<testsuite hostname="DESKTOP-2S175RD" failures="0" tests="2" name="com.wipro.selenium2.TestNGSkiptestcases" time="7.320" errors="0" timestamp="2025-08-17T22:49:04 IST" skipped="1">
  <testcase classname="com.wipro.selenium2.TestNGSkiptestcases" name="launchbrowser" time="7.320"/>
  <testcase classname="com.wipro.selenium2.TestNGSkiptestcases" name="login">
    <skipped/>
  </testcase> <!-- login -->
</testsuite> <!-- com.wipro.selenium2.TestNGSkiptestcases -->
