<?xml version="1.0" encoding="UTF-8"?>
<!-- Generated by org.testng.reporters.JUnitReportReporter -->
<testsuite hostname="DESKTOP-2S175RD" failures="0" tests="1" name="TestRunner.TestNGRunner" time="30.084" errors="0" timestamp="2025-08-26T10:23:04 IST" skipped="0">
  <testcase classname="TestRunner.TestNGRunner" name="runScenario" time="30.084"/>
</testsuite> <!-- TestRunner.TestNGRunner -->
